Arguments: 
  /usr/local/bin/node /usr/local/bin/yarn add expo-cli init fitnessappbuild

PATH: 
  /Users/jameskuligowski/.local/share/virtualenvs/basic_django_app-5saxTw0t/bin:/Users/jameskuligowski/bin:/usr/local/bin:/Users/jameskuligowski/.vscode/extensions/ms-python.python-2024.2.1/pythonFiles/deactivate/zsh:/Users/jameskuligowski/.local/share/virtualenvs/basic_django_app-5saxTw0t/bin:/Users/jameskuligowski/bin:/usr/local/bin:/usr/local/bin:/usr/bin:/bin:/usr/sbin:/sbin:/Users/jameskuligowski/.vscode/extensions/ms-python.python-2024.2.1/pythonFiles/deactivate/zsh:/Users/jameskuligowski/.local/share/virtualenvs/basic_django_app-5saxTw0t/bin:/Users/jameskuligowski/bin

Yarn version: 
  1.22.18

Node version: 
  20.8.1

Platform: 
  darwin x64

Trace: 
  Error: https://registry.yarnpkg.com/fitnessappbuild: Not found
      at params.callback [as _callback] (/usr/local/lib/node_modules/yarn/lib/cli.js:66138:18)
      at self.callback (/usr/local/lib/node_modules/yarn/lib/cli.js:140883:22)
      at Request.emit (node:events:514:28)
      at Request.<anonymous> (/usr/local/lib/node_modules/yarn/lib/cli.js:141855:10)
      at Request.emit (node:events:514:28)
      at IncomingMessage.<anonymous> (/usr/local/lib/node_modules/yarn/lib/cli.js:141777:12)
      at Object.onceWrapper (node:events:628:28)
      at IncomingMessage.emit (node:events:526:35)
      at endReadableNT (node:internal/streams/readable:1408:12)
      at process.processTicksAndRejections (node:internal/process/task_queues:82:21)

npm manifest: 
  No manifest

yarn manifest: 
  No manifest

Lockfile: 
  # THIS IS AN AUTOGENERATED FILE. DO NOT EDIT THIS FILE DIRECTLY.
  # yarn lockfile v1
